<?xml version="1.0" encoding="UTF-8"?>
<testsuite xmlns:xsi="http://www.w3.org/2001/XMLSchema-instance" xsi:noNamespaceSchemaLocation="https://maven.apache.org/surefire/maven-surefire-plugin/xsd/surefire-test-report.xsd" name="AddTwoValuesTests" time="0.045" tests="10" errors="0" skipped="0" failures="0">
  <properties>
    <property name="awt.toolkit" value="sun.lwawt.macosx.LWCToolkit"/>
    <property name="java.specification.version" value="12"/>
    <property name="sun.jnu.encoding" value="UTF-8"/>
    <property name="java.class.path" value="/Users/maximskorokhod/sampleTestC/target/test-classes:/Users/maximskorokhod/sampleTestC/target/classes:/Users/maximskorokhod/.m2/repository/junit/junit/4.11/junit-4.11.jar:/Users/maximskorokhod/.m2/repository/org/hamcrest/hamcrest-core/1.3/hamcrest-core-1.3.jar:"/>
    <property name="java.vm.vendor" value="Oracle Corporation"/>
    <property name="sun.arch.data.model" value="64"/>
    <property name="java.vendor.url" value="https://java.oracle.com/"/>
    <property name="os.name" value="Mac OS X"/>
    <property name="java.vm.specification.version" value="12"/>
    <property name="sun.java.launcher" value="SUN_STANDARD"/>
    <property name="user.country" value="UA"/>
    <property name="sun.boot.library.path" value="/Library/Java/JavaVirtualMachines/jdk-12.0.2.jdk/Contents/Home/lib"/>
    <property name="sun.java.command" value="/Users/maximskorokhod/sampleTestC/target/surefire/surefirebooter3006790358432301747.jar /Users/maximskorokhod/sampleTestC/target/surefire 2019-10-07T20-18-12_520-jvmRun1 surefire6064903671899811470tmp surefire_016445665801983017982tmp"/>
    <property name="http.nonProxyHosts" value="local|*.local|169.254/16|*.169.254/16"/>
    <property name="jdk.debug" value="release"/>
    <property name="surefire.test.class.path" value="/Users/maximskorokhod/sampleTestC/target/test-classes:/Users/maximskorokhod/sampleTestC/target/classes:/Users/maximskorokhod/.m2/repository/junit/junit/4.11/junit-4.11.jar:/Users/maximskorokhod/.m2/repository/org/hamcrest/hamcrest-core/1.3/hamcrest-core-1.3.jar:"/>
    <property name="sun.cpu.endian" value="little"/>
    <property name="user.home" value="/Users/maximskorokhod"/>
    <property name="user.language" value="ru"/>
    <property name="java.specification.vendor" value="Oracle Corporation"/>
    <property name="java.version.date" value="2019-07-16"/>
    <property name="java.home" value="/Library/Java/JavaVirtualMachines/jdk-12.0.2.jdk/Contents/Home"/>
    <property name="file.separator" value="/"/>
    <property name="basedir" value="/Users/maximskorokhod/sampleTestC"/>
    <property name="java.vm.compressedOopsMode" value="Zero based"/>
    <property name="line.separator" value="&#10;"/>
    <property name="java.specification.name" value="Java Platform API Specification"/>
    <property name="java.vm.specification.vendor" value="Oracle Corporation"/>
    <property name="java.awt.graphicsenv" value="sun.awt.CGraphicsEnvironment"/>
    <property name="surefire.real.class.path" value="/Users/maximskorokhod/sampleTestC/target/surefire/surefirebooter3006790358432301747.jar"/>
    <property name="sun.management.compiler" value="HotSpot 64-Bit Tiered Compilers"/>
    <property name="ftp.nonProxyHosts" value="local|*.local|169.254/16|*.169.254/16"/>
    <property name="java.runtime.version" value="12.0.2+10"/>
    <property name="user.name" value="maximskorokhod"/>
    <property name="path.separator" value=":"/>
    <property name="os.version" value="10.14.6"/>
    <property name="java.runtime.name" value="Java(TM) SE Runtime Environment"/>
    <property name="file.encoding" value="US-ASCII"/>
    <property name="java.vm.name" value="Java HotSpot(TM) 64-Bit Server VM"/>
    <property name="localRepository" value="/Users/maximskorokhod/.m2/repository"/>
    <property name="java.vendor.url.bug" value="https://bugreport.java.com/bugreport/"/>
    <property name="java.io.tmpdir" value="/var/folders/gm/x6z5bb8x79b0g8sxb1sdp0rm0000gn/T/"/>
    <property name="java.version" value="12.0.2"/>
    <property name="user.dir" value="/Users/maximskorokhod/sampleTestC"/>
    <property name="os.arch" value="x86_64"/>
    <property name="java.vm.specification.name" value="Java Virtual Machine Specification"/>
    <property name="java.library.path" value="/Users/maximskorokhod/Library/Java/Extensions:/Library/Java/Extensions:/Network/Library/Java/Extensions:/System/Library/Java/Extensions:/usr/lib/java:."/>
    <property name="java.vm.info" value="mixed mode, sharing"/>
    <property name="java.vendor" value="Oracle Corporation"/>
    <property name="java.vm.version" value="12.0.2+10"/>
    <property name="sun.io.unicode.encoding" value="UnicodeBig"/>
    <property name="socksNonProxyHosts" value="local|*.local|169.254/16|*.169.254/16"/>
    <property name="java.class.version" value="56.0"/>
  </properties>
  <testcase name="testDivideTwoPositiveValues" classname="AddTwoValuesTests" time="0.003"/>
  <testcase name="testDivideValuesOnZero" classname="AddTwoValuesTests" time="0"/>
  <testcase name="testSquareRootValue" classname="AddTwoValuesTests" time="0"/>
  <testcase name="testPowerValue" classname="AddTwoValuesTests" time="0.001"/>
  <testcase name="testAddTwoNegativeValues" classname="AddTwoValuesTests" time="0"/>
  <testcase name="testSlamOffTwoNegativeValues" classname="AddTwoValuesTests" time="0"/>
  <testcase name="testAddTwoPositiveValues" classname="AddTwoValuesTests" time="0"/>
  <testcase name="testSlamOffTwoPositiveValues" classname="AddTwoValuesTests" time="0"/>
  <testcase name="testSquareRootFromNegativeValue" classname="AddTwoValuesTests" time="0"/>
  <testcase name="testDivideTwoNegativeValues" classname="AddTwoValuesTests" time="0.001"/>
</testsuite>